<?xml version="1.0" encoding="UTF-8"?>
<!-- Generated by org.testng.reporters.JUnitReportReporter -->
<testsuite hostname="DESKTOP-BIP7U3I" failures="0" tests="1" name="testcases.scheduleatourTest" time="52.890" errors="0" timestamp="2020-12-10T09:17:35 PST" skipped="0">
  <testcase classname="testcases.scheduleatourTest" name="verifyHomepageTitle" time="52.890"/>
  <system-out/>
</testsuite> <!-- testcases.scheduleatourTest -->
